<?xml version="1.0" encoding="UTF-8"?>
<!-- Generated by org.testng.reporters.JUnitXMLReporter -->
<testsuite hostname="KULANDASAMYC" ignored="14" name="Default test" tests="64" failures="0" timestamp="15 Oct 2019 12:33:54 GMT" time="469.384" errors="0">
  <testcase name="Enter_UserName_And_Password" time="30.794" classname="application.test.TCExecution"/>
  <testcase name="Enter_showcode_and_click_the_showcode_link" time="11.87" classname="application.test.TCExecution"/>
  <testcase name="Check_left_Side_Quick_link" time="4.6" classname="application.test.TCExecution"/>
  <testcase name="Left_Side_Customer_Search" time="6.333" classname="application.test.TCExecution"/>
  <testcase name="Verify_Home_Page" time="8.635" classname="application.test.TCExecution"/>
  <testcase name="Verify_CustomerSearch_FristName_LastName" time="5.366" classname="application.test.TCExecution"/>
  <testcase name="Verify_Back_to_Search_Criteria" time="3.19" classname="application.test.TCExecution"/>
  <testcase name="Verify_invalid_Name_Search" time="3.691" classname="application.test.TCExecution"/>
  <testcase name="verify_Valid_Name_Search" time="4.035" classname="application.test.TCExecution"/>
  <testcase name="verify_Customer_Details_page" time="15.624" classname="application.test.TCExecution"/>
  <testcase name="Verify_Customer_Edit_page" time="3.251" classname="application.test.TCExecution"/>
  <testcase name="Verify_Edit_profile_First_last_name_change" time="4.304" classname="application.test.TCExecution"/>
  <testcase name="verify_Auto_login" time="25.608" classname="application.test.TCExecution"/>
  <testcase name="Verify_Reset_Password" time="3.144" classname="application.test.TCExecution"/>
  <testcase name="verify_Request_a_Change" time="2.642" classname="application.test.TCExecution"/>
  <testcase name="verify_EmailID_Body_Send_change_Request" time="4.165" classname="application.test.TCExecution"/>
  <testcase name="verify_Preview_Confirm" time="7.659" classname="application.test.TCExecution"/>
  <testcase name="verify_preview_close" time="2.286" classname="application.test.TCExecution"/>
  <testcase name="verify_all_accordions" time="4.638" classname="application.test.TCExecution"/>
  <testcase name="verify_email_icon" time="8.427" classname="application.test.TCExecution"/>
  <testcase name="verify_email_preview_close" time="2.291" classname="application.test.TCExecution"/>
  <testcase name="verify_reset_password" time="3.299" classname="application.test.TCExecution"/>
  <testcase name="verify_Report_page" time="5.165" classname="application.test.TCExecution"/>
  <testcase name="verify_Report_templates_Count" time="7.098" classname="application.test.TCExecution"/>
  <testcase name="verify_RegType_Report" time="5.434" classname="application.test.TCExecution"/>
  <testcase name="verify_ExcelFormat" time="1.238" classname="application.test.TCExecution"/>
  <testcase name="verify_SaveAs" time="6.498" classname="application.test.TCExecution"/>
  <testcase name="verify_BackTo_Manage" time="2.313" classname="application.test.TCExecution"/>
  <testcase name="verify_Saved_Report" time="4.625" classname="application.test.TCExecution"/>
  <testcase name="verify_HotelInventoryReport" time="6.381" classname="application.test.TCExecution"/>
  <testcase name="verify_Badging_Page" time="5.561" classname="application.test.TCExecution"/>
  <testcase name="verify_Credentail_report" time="1.931" classname="application.test.TCExecution"/>
  <testcase name="verify_Analytics_page" time="4.875" classname="application.test.TCExecution"/>
  <testcase name="verify_Analytics_Reg_Overview" time="4.722" classname="application.test.TCExecution"/>
  <testcase name="verify_Analytics_Reg_Pacing" time="4.534" classname="application.test.TCExecution"/>
  <testcase name="verify_Analytics_Reg_Maps" time="6.117" classname="application.test.TCExecution"/>
  <testcase name="verify_Analytics_Reg_Generate_Link" time="4.466" classname="application.test.TCExecution"/>
  <testcase name="verify_Analytics_Reg_Email_Link" time="2.396" classname="application.test.TCExecution"/>
  <testcase name="verify_Analytics_Reg_Send_Email" time="5.753" classname="application.test.TCExecution"/>
  <testcase name="verify_Analytics_Session" time="4.491" classname="application.test.TCExecution"/>
  <testcase name="verify_Analytics_Session_Overview" time="4.664" classname="application.test.TCExecution"/>
  <testcase name="verify_Analytics_Session_Pacing" time="4.548" classname="application.test.TCExecution"/>
  <testcase name="verify_Analytics_Session_Maps" time="5.832" classname="application.test.TCExecution"/>
  <testcase name="verify_Analytics_Housing" time="5.079" classname="application.test.TCExecution"/>
  <testcase name="verify_Analytics_Housing_Overview" time="4.651" classname="application.test.TCExecution"/>
  <testcase name="verify_Analytics_Housing_Pacing" time="4.921" classname="application.test.TCExecution"/>
  <testcase name="verify_Analytics_Housing_Maps" time="5.493" classname="application.test.TCExecution"/>
  <testcase name="verify_Analytics_Unified" time="5.431" classname="application.test.TCExecution"/>
  <testcase name="verify_Analytics_Unified_Overview" time="4.689" classname="application.test.TCExecution"/>
  <testcase name="verify_Analytics_Unified_Pacing" time="4.423" classname="application.test.TCExecution"/>
  <testcase name="verify_Analytics_Unified_Maps" time="5.715" classname="application.test.TCExecution"/>
  <testcase name="verify_Analytics_Unified_Tour_Link" time="5.862" classname="application.test.TCExecution"/>
  <testcase name="verify_Analytics_Unified_Tour_Next" time="2.564" classname="application.test.TCExecution"/>
  <testcase name="verify_Analytics_Unified_Tour_Close" time="2.533" classname="application.test.TCExecution"/>
  <testcase name="verify_Analytics_Unified_RegType_Export" time="1.126" classname="application.test.TCExecution"/>
  <testcase name="verify_ExSIGHT_Page" time="4.752" classname="application.test.TCExecution"/>
  <testcase name="verify_ExSIGHT_LeadPage" time="0.461" classname="application.test.TCExecution"/>
  <testcase name="verify_ExSIGHT_BoostPage" time="4.429" classname="application.test.TCExecution"/>
  <testcase name="verify_ExSIGHT_TrafficBoost_Save" time="3.071" classname="application.test.TCExecution"/>
  <testcase name="verify_ExSIGHT_CampaignPage" time="3.481" classname="application.test.TCExecution"/>
  <testcase name="verify_ExSIGHT_CampaignPage_Upload_Save" time="2.959" classname="application.test.TCExecution"/>
  <testcase name="verify_ExSIGHT_Scheduled_Campaigns" time="4.21" classname="application.test.TCExecution"/>
  <testcase name="verify_ExSIGHT_Results" time="3.37" classname="application.test.TCExecution"/>
  <testcase name="verify_LogOut" time="2.619" classname="application.test.TCExecution"/>
  <testcase name="verify_Analytics_Housing_Totals" time="0.0" classname="application.test.TCExecution">
    <ignored/>
  </testcase> <!-- verify_Analytics_Housing_Totals -->
  <testcase name="verify_Add_Link" time="0.0" classname="application.test.TCExecution">
    <ignored/>
  </testcase> <!-- verify_Add_Link -->
  <testcase name="verify_Analytics_Unified_RegType_Select" time="0.0" classname="application.test.TCExecution">
    <ignored/>
  </testcase> <!-- verify_Analytics_Unified_RegType_Select -->
  <testcase name="verify_Customer_Search_page" time="0.0" classname="application.test.TCExecution">
    <ignored/>
  </testcase> <!-- verify_Customer_Search_page -->
  <testcase name="verify_Analytics_Unified_Totals" time="0.0" classname="application.test.TCExecution">
    <ignored/>
  </testcase> <!-- verify_Analytics_Unified_Totals -->
  <testcase name="verify_Analytics_Unified_Print" time="0.0" classname="application.test.TCExecution">
    <ignored/>
  </testcase> <!-- verify_Analytics_Unified_Print -->
  <testcase name="verify_Analytics_Reg_Totals" time="0.0" classname="application.test.TCExecution">
    <ignored/>
  </testcase> <!-- verify_Analytics_Reg_Totals -->
  <testcase name="verify_Analytics_Unified_TimeLine" time="0.0" classname="application.test.TCExecution">
    <ignored/>
  </testcase> <!-- verify_Analytics_Unified_TimeLine -->
  <testcase name="verify_Analytics_Session_Totals" time="0.0" classname="application.test.TCExecution">
    <ignored/>
  </testcase> <!-- verify_Analytics_Session_Totals -->
  <testcase name="verify_WebStaff_Edit" time="0.0" classname="application.test.TCExecution">
    <ignored/>
  </testcase> <!-- verify_WebStaff_Edit -->
  <testcase name="verify_Analytics_Session_TimeLine" time="0.0" classname="application.test.TCExecution">
    <ignored/>
  </testcase> <!-- verify_Analytics_Session_TimeLine -->
  <testcase name="verify_Analytics_Reg_TimeLine" time="0.0" classname="application.test.TCExecution">
    <ignored/>
  </testcase> <!-- verify_Analytics_Reg_TimeLine -->
  <testcase name="verify_Analytics_Housing_TimeLine" time="0.0" classname="application.test.TCExecution">
    <ignored/>
  </testcase> <!-- verify_Analytics_Housing_TimeLine -->
  <testcase name="verify_WebStaff_Transaction" time="0.0" classname="application.test.TCExecution">
    <ignored/>
  </testcase> <!-- verify_WebStaff_Transaction -->
</testsuite> <!-- Default test -->
