<?xml version="1.0" encoding="UTF-8"?>
<!-- Generated by org.testng.reporters.JUnitXMLReporter -->
<testsuite hostname="KULANDASAMYC" ignored="2" name="Test" tests="1" failures="1" timestamp="07 Jun 2018 11:26:34 GMT" time="0.149" errors="0">
  <testcase name="EnterUserName_And_Password" time="0.084" classname="application.test.TestCaseExecution">
    <failure type="java.lang.NullPointerException">
      <![CDATA[java.lang.NullPointerException
at application.pages.LoginPage.openPage(LoginPage.java:18)
at application.test.TestCaseExecution.EnterUserName_And_Password(TestCaseExecution.java:14)
... Removed 25 stack frames]]>
    </failure>
  </testcase> <!-- EnterUserName_And_Password -->
  <testcase name="@BeforeSuite getBrowser" time="0.0" classname="application.test.BaseTestClass">
    <ignored/>
  </testcase> <!-- @BeforeSuite getBrowser -->
  <testcase name="@AfterSuite teardown" time="0.0" classname="application.test.BaseTestClass">
    <ignored/>
  </testcase> <!-- @AfterSuite teardown -->
</testsuite> <!-- Test -->
